<?xml version="1.0" encoding="UTF-8"?>
<testsuite xmlns:xsi="http://www.w3.org/2001/XMLSchema-instance" xsi:noNamespaceSchemaLocation="https://maven.apache.org/surefire/maven-surefire-plugin/xsd/surefire-test-report-3.0.xsd" version="3.0" name="org.sonar.samples.java.checks.SecurityAnnotationMandatoryCheckTest" time="0.153" tests="1" errors="0" skipped="0" failures="0">
  <properties>
    <property name="sun.desktop" value="windows"/>
    <property name="awt.toolkit" value="sun.awt.windows.WToolkit"/>
    <property name="file.encoding.pkg" value="sun.io"/>
    <property name="java.specification.version" value="1.8"/>
    <property name="sun.cpu.isalist" value="amd64"/>
    <property name="sun.jnu.encoding" value="Cp1252"/>
    <property name="java.class.path" value="C:\Users\Ramesh.Rangaswamy\Desktop\sonar-custom-rules-examples\java-custom-rules\target\test-classes;C:\Users\Ramesh.Rangaswamy\Desktop\sonar-custom-rules-examples\java-custom-rules\target\classes;C:\Users\Ramesh.Rangaswamy\.m2\repository\org\sonarsource\sonarqube\sonar-plugin-api\7.3\sonar-plugin-api-7.3.jar;C:\Users\Ramesh.Rangaswamy\.m2\repository\org\sonarsource\java\sonar-java-plugin\5.6.1.15064\sonar-java-plugin-5.6.1.15064.jar;C:\Users\Ramesh.Rangaswamy\.m2\repository\org\sonarsource\java\java-surefire\5.6.1.15064\java-surefire-5.6.1.15064.jar;C:\Users\Ramesh.Rangaswamy\.m2\repository\com\fasterxml\woodstox\woodstox-core\5.1.0\woodstox-core-5.1.0.jar;C:\Users\Ramesh.Rangaswamy\.m2\repository\org\codehaus\woodstox\stax2-api\4.1\stax2-api-4.1.jar;C:\Users\Ramesh.Rangaswamy\.m2\repository\com\fasterxml\staxmate\staxmate\2.3.1\staxmate-2.3.1.jar;C:\Users\Ramesh.Rangaswamy\.m2\repository\org\sonarsource\java\java-jacoco\5.6.1.15064\java-jacoco-5.6.1.15064.jar;C:\Users\Ramesh.Rangaswamy\.m2\repository\org\jacoco\org.jacoco.core\0.8.1\org.jacoco.core-0.8.1.jar;C:\Users\Ramesh.Rangaswamy\.m2\repository\org\ow2\asm\asm\6.0\asm-6.0.jar;C:\Users\Ramesh.Rangaswamy\.m2\repository\org\sonarsource\java\java-jacoco-previous\5.6.1.15064\java-jacoco-previous-5.6.1.15064.jar;C:\Users\Ramesh.Rangaswamy\.m2\repository\org\sonarsource\java\java-frontend\5.6.1.15064\java-frontend-5.6.1.15064.jar;C:\Users\Ramesh.Rangaswamy\.m2\repository\org\sonarsource\java\java-maven-model\5.6.1.15064\java-maven-model-5.6.1.15064.jar;C:\Users\Ramesh.Rangaswamy\.m2\repository\org\ow2\asm\asm-commons\6.1.1\asm-commons-6.1.1.jar;C:\Users\Ramesh.Rangaswamy\.m2\repository\org\ow2\asm\asm-tree\6.1.1\asm-tree-6.1.1.jar;C:\Users\Ramesh.Rangaswamy\.m2\repository\org\ow2\asm\asm-analysis\6.1.1\asm-analysis-6.1.1.jar;C:\Users\Ramesh.Rangaswamy\.m2\repository\org\ow2\asm\asm-util\6.1.1\asm-util-6.1.1.jar;C:\Users\Ramesh.Rangaswamy\.m2\repository\org\apache\maven\maven-project\2.0.7\maven-project-2.0.7.jar;C:\Users\Ramesh.Rangaswamy\.m2\repository\org\apache\maven\maven-settings\2.0.7\maven-settings-2.0.7.jar;C:\Users\Ramesh.Rangaswamy\.m2\repository\org\apache\maven\maven-profile\2.0.7\maven-profile-2.0.7.jar;C:\Users\Ramesh.Rangaswamy\.m2\repository\org\apache\maven\maven-model\2.0.7\maven-model-2.0.7.jar;C:\Users\Ramesh.Rangaswamy\.m2\repository\org\apache\maven\maven-artifact-manager\2.0.7\maven-artifact-manager-2.0.7.jar;C:\Users\Ramesh.Rangaswamy\.m2\repository\org\apache\maven\maven-repository-metadata\2.0.7\maven-repository-metadata-2.0.7.jar;C:\Users\Ramesh.Rangaswamy\.m2\repository\org\apache\maven\wagon\wagon-provider-api\1.0-beta-2\wagon-provider-api-1.0-beta-2.jar;C:\Users\Ramesh.Rangaswamy\.m2\repository\org\apache\maven\maven-plugin-registry\2.0.7\maven-plugin-registry-2.0.7.jar;C:\Users\Ramesh.Rangaswamy\.m2\repository\org\codehaus\plexus\plexus-utils\1.4.1\plexus-utils-1.4.1.jar;C:\Users\Ramesh.Rangaswamy\.m2\repository\org\apache\maven\maven-artifact\2.0.7\maven-artifact-2.0.7.jar;C:\Users\Ramesh.Rangaswamy\.m2\repository\org\codehaus\plexus\plexus-container-default\1.0-alpha-9-stable-1\plexus-container-default-1.0-alpha-9-stable-1.jar;C:\Users\Ramesh.Rangaswamy\.m2\repository\classworlds\classworlds\1.1-alpha-2\classworlds-1.1-alpha-2.jar;C:\Users\Ramesh.Rangaswamy\.m2\repository\javax\xml\bind\jaxb-api\2.3.0\jaxb-api-2.3.0.jar;C:\Users\Ramesh.Rangaswamy\.m2\repository\org\glassfish\jaxb\jaxb-runtime\2.3.0\jaxb-runtime-2.3.0.jar;C:\Users\Ramesh.Rangaswamy\.m2\repository\org\glassfish\jaxb\jaxb-core\2.3.0\jaxb-core-2.3.0.jar;C:\Users\Ramesh.Rangaswamy\.m2\repository\org\glassfish\jaxb\txw2\2.3.0\txw2-2.3.0.jar;C:\Users\Ramesh.Rangaswamy\.m2\repository\com\sun\istack\istack-commons-runtime\3.0.5\istack-commons-runtime-3.0.5.jar;C:\Users\Ramesh.Rangaswamy\.m2\repository\org\jvnet\staxex\stax-ex\1.7.8\stax-ex-1.7.8.jar;C:\Users\Ramesh.Rangaswamy\.m2\repository\com\sun\xml\fastinfoset\FastInfoset\1.2.13\FastInfoset-1.2.13.jar;C:\Users\Ramesh.Rangaswamy\.m2\repository\com\sun\activation\javax.activation\1.2.0\javax.activation-1.2.0.jar;C:\Users\Ramesh.Rangaswamy\.m2\repository\org\sonarsource\ucfg\sonar-ucfg\1.2.0.107\sonar-ucfg-1.2.0.107.jar;C:\Users\Ramesh.Rangaswamy\.m2\repository\com\google\protobuf\protobuf-java\3.5.1\protobuf-java-3.5.1.jar;C:\Users\Ramesh.Rangaswamy\.m2\repository\org\sonarsource\java\java-checks\5.6.1.15064\java-checks-5.6.1.15064.jar;C:\Users\Ramesh.Rangaswamy\.m2\repository\org\sonarsource\java\external-reports\5.6.1.15064\external-reports-5.6.1.15064.jar;C:\Users\Ramesh.Rangaswamy\.m2\repository\org\sonarsource\analyzer-commons\sonar-analyzer-commons\1.9.0.327\sonar-analyzer-commons-1.9.0.327.jar;C:\Users\Ramesh.Rangaswamy\.m2\repository\org\sonarsource\sslr-squid-bridge\sslr-squid-bridge\2.6.1\sslr-squid-bridge-2.6.1.jar;C:\Users\Ramesh.Rangaswamy\.m2\repository\org\picocontainer\picocontainer\2.14.1\picocontainer-2.14.1.jar;C:\Users\Ramesh.Rangaswamy\.m2\repository\org\sonarsource\java\java-checks-testkit\5.6.1.15064\java-checks-testkit-5.6.1.15064.jar;C:\Users\Ramesh.Rangaswamy\.m2\repository\com\google\code\findbugs\jsr305\1.3.9\jsr305-1.3.9.jar;C:\Users\Ramesh.Rangaswamy\.m2\repository\com\google\code\gson\gson\2.6.2\gson-2.6.2.jar;C:\Users\Ramesh.Rangaswamy\.m2\repository\org\sonarsource\sslr\sslr-testing-harness\1.21\sslr-testing-harness-1.21.jar;C:\Users\Ramesh.Rangaswamy\.m2\repository\org\sonarsource\sslr\sslr-core\1.21\sslr-core-1.21.jar;C:\Users\Ramesh.Rangaswamy\.m2\repository\cglib\cglib-nodep\3.1\cglib-nodep-3.1.jar;C:\Users\Ramesh.Rangaswamy\.m2\repository\org\sonarsource\sslr\sslr-toolkit\1.21\sslr-toolkit-1.21.jar;C:\Users\Ramesh.Rangaswamy\.m2\repository\org\sonarsource\sslr\sslr-xpath\1.21\sslr-xpath-1.21.jar;C:\Users\Ramesh.Rangaswamy\.m2\repository\jaxen\jaxen\1.1.4\jaxen-1.1.4.jar;C:\Users\Ramesh.Rangaswamy\.m2\repository\org\codehaus\sonar\sonar-colorizer\3.7\sonar-colorizer-3.7.jar;C:\Users\Ramesh.Rangaswamy\.m2\repository\org\codehaus\sonar\sonar-channel\3.7\sonar-channel-3.7.jar;C:\Users\Ramesh.Rangaswamy\.m2\repository\commons-io\commons-io\2.4\commons-io-2.4.jar;C:\Users\Ramesh.Rangaswamy\.m2\repository\org\easytesting\fest-assert\1.4\fest-assert-1.4.jar;C:\Users\Ramesh.Rangaswamy\.m2\repository\org\easytesting\fest-util\1.1.6\fest-util-1.1.6.jar;C:\Users\Ramesh.Rangaswamy\.m2\repository\org\hamcrest\hamcrest-all\1.1\hamcrest-all-1.1.jar;C:\Users\Ramesh.Rangaswamy\.m2\repository\commons-lang\commons-lang\2.6\commons-lang-2.6.jar;C:\Users\Ramesh.Rangaswamy\.m2\repository\com\google\guava\guava\19.0\guava-19.0.jar;C:\Users\Ramesh.Rangaswamy\.m2\repository\org\slf4j\slf4j-api\1.6.2\slf4j-api-1.6.2.jar;C:\Users\Ramesh.Rangaswamy\.m2\repository\junit\junit\4.11\junit-4.11.jar;C:\Users\Ramesh.Rangaswamy\.m2\repository\org\hamcrest\hamcrest-core\1.3\hamcrest-core-1.3.jar;C:\Users\Ramesh.Rangaswamy\.m2\repository\org\assertj\assertj-core\3.6.1\assertj-core-3.6.1.jar;C:\Users\Ramesh.Rangaswamy\.m2\repository\ch\qos\logback\logback-classic\0.9.30\logback-classic-0.9.30.jar;C:\Users\Ramesh.Rangaswamy\.m2\repository\ch\qos\logback\logback-core\0.9.30\logback-core-0.9.30.jar;"/>
    <property name="java.vm.vendor" value="Oracle Corporation"/>
    <property name="sun.arch.data.model" value="64"/>
    <property name="user.variant" value=""/>
    <property name="java.vendor.url" value="http://java.oracle.com/"/>
    <property name="user.timezone" value="Asia/Calcutta"/>
    <property name="java.vm.specification.version" value="1.8"/>
    <property name="os.name" value="Windows 10"/>
    <property name="user.country" value="IN"/>
    <property name="sun.java.launcher" value="SUN_STANDARD"/>
    <property name="sun.boot.library.path" value="C:\Program Files\Java\jdk1.8.0_211\jre\bin"/>
    <property name="sun.java.command" value="C:\Users\Ramesh.Rangaswamy\AppData\Local\Temp\surefire8020332972436786458\surefirebooter963882429520513526.jar C:\Users\Ramesh.Rangaswamy\AppData\Local\Temp\surefire8020332972436786458 2019-07-01T12-56-33_953-jvmRun1 surefire7478521394211699156tmp surefire_08444742303842954698tmp"/>
    <property name="surefire.test.class.path" value="C:\Users\Ramesh.Rangaswamy\Desktop\sonar-custom-rules-examples\java-custom-rules\target\test-classes;C:\Users\Ramesh.Rangaswamy\Desktop\sonar-custom-rules-examples\java-custom-rules\target\classes;C:\Users\Ramesh.Rangaswamy\.m2\repository\org\sonarsource\sonarqube\sonar-plugin-api\7.3\sonar-plugin-api-7.3.jar;C:\Users\Ramesh.Rangaswamy\.m2\repository\org\sonarsource\java\sonar-java-plugin\5.6.1.15064\sonar-java-plugin-5.6.1.15064.jar;C:\Users\Ramesh.Rangaswamy\.m2\repository\org\sonarsource\java\java-surefire\5.6.1.15064\java-surefire-5.6.1.15064.jar;C:\Users\Ramesh.Rangaswamy\.m2\repository\com\fasterxml\woodstox\woodstox-core\5.1.0\woodstox-core-5.1.0.jar;C:\Users\Ramesh.Rangaswamy\.m2\repository\org\codehaus\woodstox\stax2-api\4.1\stax2-api-4.1.jar;C:\Users\Ramesh.Rangaswamy\.m2\repository\com\fasterxml\staxmate\staxmate\2.3.1\staxmate-2.3.1.jar;C:\Users\Ramesh.Rangaswamy\.m2\repository\org\sonarsource\java\java-jacoco\5.6.1.15064\java-jacoco-5.6.1.15064.jar;C:\Users\Ramesh.Rangaswamy\.m2\repository\org\jacoco\org.jacoco.core\0.8.1\org.jacoco.core-0.8.1.jar;C:\Users\Ramesh.Rangaswamy\.m2\repository\org\ow2\asm\asm\6.0\asm-6.0.jar;C:\Users\Ramesh.Rangaswamy\.m2\repository\org\sonarsource\java\java-jacoco-previous\5.6.1.15064\java-jacoco-previous-5.6.1.15064.jar;C:\Users\Ramesh.Rangaswamy\.m2\repository\org\sonarsource\java\java-frontend\5.6.1.15064\java-frontend-5.6.1.15064.jar;C:\Users\Ramesh.Rangaswamy\.m2\repository\org\sonarsource\java\java-maven-model\5.6.1.15064\java-maven-model-5.6.1.15064.jar;C:\Users\Ramesh.Rangaswamy\.m2\repository\org\ow2\asm\asm-commons\6.1.1\asm-commons-6.1.1.jar;C:\Users\Ramesh.Rangaswamy\.m2\repository\org\ow2\asm\asm-tree\6.1.1\asm-tree-6.1.1.jar;C:\Users\Ramesh.Rangaswamy\.m2\repository\org\ow2\asm\asm-analysis\6.1.1\asm-analysis-6.1.1.jar;C:\Users\Ramesh.Rangaswamy\.m2\repository\org\ow2\asm\asm-util\6.1.1\asm-util-6.1.1.jar;C:\Users\Ramesh.Rangaswamy\.m2\repository\org\apache\maven\maven-project\2.0.7\maven-project-2.0.7.jar;C:\Users\Ramesh.Rangaswamy\.m2\repository\org\apache\maven\maven-settings\2.0.7\maven-settings-2.0.7.jar;C:\Users\Ramesh.Rangaswamy\.m2\repository\org\apache\maven\maven-profile\2.0.7\maven-profile-2.0.7.jar;C:\Users\Ramesh.Rangaswamy\.m2\repository\org\apache\maven\maven-model\2.0.7\maven-model-2.0.7.jar;C:\Users\Ramesh.Rangaswamy\.m2\repository\org\apache\maven\maven-artifact-manager\2.0.7\maven-artifact-manager-2.0.7.jar;C:\Users\Ramesh.Rangaswamy\.m2\repository\org\apache\maven\maven-repository-metadata\2.0.7\maven-repository-metadata-2.0.7.jar;C:\Users\Ramesh.Rangaswamy\.m2\repository\org\apache\maven\wagon\wagon-provider-api\1.0-beta-2\wagon-provider-api-1.0-beta-2.jar;C:\Users\Ramesh.Rangaswamy\.m2\repository\org\apache\maven\maven-plugin-registry\2.0.7\maven-plugin-registry-2.0.7.jar;C:\Users\Ramesh.Rangaswamy\.m2\repository\org\codehaus\plexus\plexus-utils\1.4.1\plexus-utils-1.4.1.jar;C:\Users\Ramesh.Rangaswamy\.m2\repository\org\apache\maven\maven-artifact\2.0.7\maven-artifact-2.0.7.jar;C:\Users\Ramesh.Rangaswamy\.m2\repository\org\codehaus\plexus\plexus-container-default\1.0-alpha-9-stable-1\plexus-container-default-1.0-alpha-9-stable-1.jar;C:\Users\Ramesh.Rangaswamy\.m2\repository\classworlds\classworlds\1.1-alpha-2\classworlds-1.1-alpha-2.jar;C:\Users\Ramesh.Rangaswamy\.m2\repository\javax\xml\bind\jaxb-api\2.3.0\jaxb-api-2.3.0.jar;C:\Users\Ramesh.Rangaswamy\.m2\repository\org\glassfish\jaxb\jaxb-runtime\2.3.0\jaxb-runtime-2.3.0.jar;C:\Users\Ramesh.Rangaswamy\.m2\repository\org\glassfish\jaxb\jaxb-core\2.3.0\jaxb-core-2.3.0.jar;C:\Users\Ramesh.Rangaswamy\.m2\repository\org\glassfish\jaxb\txw2\2.3.0\txw2-2.3.0.jar;C:\Users\Ramesh.Rangaswamy\.m2\repository\com\sun\istack\istack-commons-runtime\3.0.5\istack-commons-runtime-3.0.5.jar;C:\Users\Ramesh.Rangaswamy\.m2\repository\org\jvnet\staxex\stax-ex\1.7.8\stax-ex-1.7.8.jar;C:\Users\Ramesh.Rangaswamy\.m2\repository\com\sun\xml\fastinfoset\FastInfoset\1.2.13\FastInfoset-1.2.13.jar;C:\Users\Ramesh.Rangaswamy\.m2\repository\com\sun\activation\javax.activation\1.2.0\javax.activation-1.2.0.jar;C:\Users\Ramesh.Rangaswamy\.m2\repository\org\sonarsource\ucfg\sonar-ucfg\1.2.0.107\sonar-ucfg-1.2.0.107.jar;C:\Users\Ramesh.Rangaswamy\.m2\repository\com\google\protobuf\protobuf-java\3.5.1\protobuf-java-3.5.1.jar;C:\Users\Ramesh.Rangaswamy\.m2\repository\org\sonarsource\java\java-checks\5.6.1.15064\java-checks-5.6.1.15064.jar;C:\Users\Ramesh.Rangaswamy\.m2\repository\org\sonarsource\java\external-reports\5.6.1.15064\external-reports-5.6.1.15064.jar;C:\Users\Ramesh.Rangaswamy\.m2\repository\org\sonarsource\analyzer-commons\sonar-analyzer-commons\1.9.0.327\sonar-analyzer-commons-1.9.0.327.jar;C:\Users\Ramesh.Rangaswamy\.m2\repository\org\sonarsource\sslr-squid-bridge\sslr-squid-bridge\2.6.1\sslr-squid-bridge-2.6.1.jar;C:\Users\Ramesh.Rangaswamy\.m2\repository\org\picocontainer\picocontainer\2.14.1\picocontainer-2.14.1.jar;C:\Users\Ramesh.Rangaswamy\.m2\repository\org\sonarsource\java\java-checks-testkit\5.6.1.15064\java-checks-testkit-5.6.1.15064.jar;C:\Users\Ramesh.Rangaswamy\.m2\repository\com\google\code\findbugs\jsr305\1.3.9\jsr305-1.3.9.jar;C:\Users\Ramesh.Rangaswamy\.m2\repository\com\google\code\gson\gson\2.6.2\gson-2.6.2.jar;C:\Users\Ramesh.Rangaswamy\.m2\repository\org\sonarsource\sslr\sslr-testing-harness\1.21\sslr-testing-harness-1.21.jar;C:\Users\Ramesh.Rangaswamy\.m2\repository\org\sonarsource\sslr\sslr-core\1.21\sslr-core-1.21.jar;C:\Users\Ramesh.Rangaswamy\.m2\repository\cglib\cglib-nodep\3.1\cglib-nodep-3.1.jar;C:\Users\Ramesh.Rangaswamy\.m2\repository\org\sonarsource\sslr\sslr-toolkit\1.21\sslr-toolkit-1.21.jar;C:\Users\Ramesh.Rangaswamy\.m2\repository\org\sonarsource\sslr\sslr-xpath\1.21\sslr-xpath-1.21.jar;C:\Users\Ramesh.Rangaswamy\.m2\repository\jaxen\jaxen\1.1.4\jaxen-1.1.4.jar;C:\Users\Ramesh.Rangaswamy\.m2\repository\org\codehaus\sonar\sonar-colorizer\3.7\sonar-colorizer-3.7.jar;C:\Users\Ramesh.Rangaswamy\.m2\repository\org\codehaus\sonar\sonar-channel\3.7\sonar-channel-3.7.jar;C:\Users\Ramesh.Rangaswamy\.m2\repository\commons-io\commons-io\2.4\commons-io-2.4.jar;C:\Users\Ramesh.Rangaswamy\.m2\repository\org\easytesting\fest-assert\1.4\fest-assert-1.4.jar;C:\Users\Ramesh.Rangaswamy\.m2\repository\org\easytesting\fest-util\1.1.6\fest-util-1.1.6.jar;C:\Users\Ramesh.Rangaswamy\.m2\repository\org\hamcrest\hamcrest-all\1.1\hamcrest-all-1.1.jar;C:\Users\Ramesh.Rangaswamy\.m2\repository\commons-lang\commons-lang\2.6\commons-lang-2.6.jar;C:\Users\Ramesh.Rangaswamy\.m2\repository\com\google\guava\guava\19.0\guava-19.0.jar;C:\Users\Ramesh.Rangaswamy\.m2\repository\org\slf4j\slf4j-api\1.6.2\slf4j-api-1.6.2.jar;C:\Users\Ramesh.Rangaswamy\.m2\repository\junit\junit\4.11\junit-4.11.jar;C:\Users\Ramesh.Rangaswamy\.m2\repository\org\hamcrest\hamcrest-core\1.3\hamcrest-core-1.3.jar;C:\Users\Ramesh.Rangaswamy\.m2\repository\org\assertj\assertj-core\3.6.1\assertj-core-3.6.1.jar;C:\Users\Ramesh.Rangaswamy\.m2\repository\ch\qos\logback\logback-classic\0.9.30\logback-classic-0.9.30.jar;C:\Users\Ramesh.Rangaswamy\.m2\repository\ch\qos\logback\logback-core\0.9.30\logback-core-0.9.30.jar;"/>
    <property name="sun.cpu.endian" value="little"/>
    <property name="user.home" value="C:\Users\Ramesh.Rangaswamy"/>
    <property name="user.language" value="en"/>
    <property name="java.specification.vendor" value="Oracle Corporation"/>
    <property name="java.home" value="C:\Program Files\Java\jdk1.8.0_211\jre"/>
    <property name="basedir" value="C:\Users\Ramesh.Rangaswamy\Desktop\sonar-custom-rules-examples\java-custom-rules"/>
    <property name="file.separator" value="\"/>
    <property name="line.separator" value="&#10;"/>
    <property name="java.vm.specification.vendor" value="Oracle Corporation"/>
    <property name="java.specification.name" value="Java Platform API Specification"/>
    <property name="java.awt.graphicsenv" value="sun.awt.Win32GraphicsEnvironment"/>
    <property name="surefire.real.class.path" value="C:\Users\Ramesh.Rangaswamy\AppData\Local\Temp\surefire8020332972436786458\surefirebooter963882429520513526.jar"/>
    <property name="sun.boot.class.path" value="C:\Program Files\Java\jdk1.8.0_211\jre\lib\resources.jar;C:\Program Files\Java\jdk1.8.0_211\jre\lib\rt.jar;C:\Program Files\Java\jdk1.8.0_211\jre\lib\sunrsasign.jar;C:\Program Files\Java\jdk1.8.0_211\jre\lib\jsse.jar;C:\Program Files\Java\jdk1.8.0_211\jre\lib\jce.jar;C:\Program Files\Java\jdk1.8.0_211\jre\lib\charsets.jar;C:\Program Files\Java\jdk1.8.0_211\jre\lib\jfr.jar;C:\Program Files\Java\jdk1.8.0_211\jre\classes"/>
    <property name="user.script" value=""/>
    <property name="sun.management.compiler" value="HotSpot 64-Bit Tiered Compilers"/>
    <property name="java.runtime.version" value="1.8.0_211-b12"/>
    <property name="user.name" value="Ramesh.Rangaswamy"/>
    <property name="path.separator" value=";"/>
    <property name="os.version" value="10.0"/>
    <property name="java.endorsed.dirs" value="C:\Program Files\Java\jdk1.8.0_211\jre\lib\endorsed"/>
    <property name="java.runtime.name" value="Java(TM) SE Runtime Environment"/>
    <property name="file.encoding" value="Cp1252"/>
    <property name="java.vm.name" value="Java HotSpot(TM) 64-Bit Server VM"/>
    <property name="localRepository" value="C:\Users\Ramesh.Rangaswamy\.m2\repository"/>
    <property name="java.vendor.url.bug" value="http://bugreport.sun.com/bugreport/"/>
    <property name="java.io.tmpdir" value="C:\Users\RAMESH~1.RAN\AppData\Local\Temp\"/>
    <property name="java.version" value="1.8.0_211"/>
    <property name="user.dir" value="C:\Users\Ramesh.Rangaswamy\Desktop\sonar-custom-rules-examples\java-custom-rules"/>
    <property name="os.arch" value="amd64"/>
    <property name="java.vm.specification.name" value="Java Virtual Machine Specification"/>
    <property name="java.awt.printerjob" value="sun.awt.windows.WPrinterJob"/>
    <property name="sun.os.patch.level" value=""/>
    <property name="java.library.path" value="C:\Program Files\Java\jdk1.8.0_211\jre\bin;C:\Windows\Sun\Java\bin;C:\Windows\system32;C:\Windows;C:\Users\Ramesh.Rangaswamy\bin;C:\Users\Ramesh.Rangaswamy\AppData\Local\Programs\Git\mingw64\bin;C:\Users\Ramesh.Rangaswamy\AppData\Local\Programs\Git\usr\local\bin;C:\Users\Ramesh.Rangaswamy\AppData\Local\Programs\Git\usr\bin;C:\Users\Ramesh.Rangaswamy\AppData\Local\Programs\Git\usr\bin;C:\Users\Ramesh.Rangaswamy\AppData\Local\Programs\Git\mingw64\bin;C:\Users\Ramesh.Rangaswamy\AppData\Local\Programs\Git\usr\bin;C:\Users\Ramesh.Rangaswamy\bin;C:\Windows\system32;C:\Windows;C:\Windows\System32\Wbem;C:\Windows\System32\WindowsPowerShell\v1.0;C:\Windows\System32\OpenSSH;C:\Program Files\Intel\WiFi\bin;C:\Program Files\Common Files\Intel\WirelessCommon;C:\Program Files (x86)\Common Files\Hitachi ID;C:\Program Files\Common Files\Hitachi ID;C:\Users\Ramesh.Rangaswamy\Downloads\sonarqube-7.3\sonarqube-7.3\bin;C:\Program Files\Java\jdk1.8.0_211\bin;C:\Users\Ramesh.Rangaswamy\Downloads\apache-maven-3.6.1-bin\apache-maven-3.6.1\bin;C:\Users\Ramesh.Rangaswamy\Downloads\sonar-scanner-cli-3.3.0.1492-windows\sonar-scanner-3.3.0.1492-windows\bin;C:\Program Files\Java\jre1.8.0_211\bin;C:\Users\Ramesh.Rangaswamy\AppData\Local\Microsoft\WindowsApps;C:\Users\Ramesh.Rangaswamy\AppData\Local\Programs\Git\cmd;C:\Users\Ramesh.Rangaswamy\AppData\Local\Programs\Git\usr\bin\vendor_perl;C:\Users\Ramesh.Rangaswamy\AppData\Local\Programs\Git\usr\bin\core_perl;."/>
    <property name="java.vm.info" value="mixed mode"/>
    <property name="java.vendor" value="Oracle Corporation"/>
    <property name="java.vm.version" value="25.211-b12"/>
    <property name="java.ext.dirs" value="C:\Program Files\Java\jdk1.8.0_211\jre\lib\ext;C:\Windows\Sun\Java\lib\ext"/>
    <property name="sun.io.unicode.encoding" value="UnicodeLittle"/>
    <property name="java.class.version" value="52.0"/>
  </properties>
  <testcase name="detected" classname="org.sonar.samples.java.checks.SecurityAnnotationMandatoryCheckTest" time="0.13"/>
</testsuite>